<?xml version="1.0" encoding="UTF-8"?>
<testsuite xmlns:xsi="http://www.w3.org/2001/XMLSchema-instance" xsi:noNamespaceSchemaLocation="https://maven.apache.org/surefire/maven-surefire-plugin/xsd/surefire-test-report-3.0.xsd" version="3.0" name="fr._42.numbers.NumberWorkerTest" time="0.073" tests="21" errors="0" skipped="0" failures="0">
  <properties>
    <property name="java.specification.version" value="22"/>
    <property name="sun.jnu.encoding" value="UTF-8"/>
    <property name="java.class.path" value="/Users/macbook/Desktop/javaPool/module06/ex00/Tests/target/test-classes:/Users/macbook/Desktop/javaPool/module06/ex00/Tests/target/classes:/Users/macbook/.m2/repository/org/junit/jupiter/junit-jupiter-engine/5.9.1/junit-jupiter-engine-5.9.1.jar:/Users/macbook/.m2/repository/org/junit/platform/junit-platform-engine/1.9.1/junit-platform-engine-1.9.1.jar:/Users/macbook/.m2/repository/org/opentest4j/opentest4j/1.2.0/opentest4j-1.2.0.jar:/Users/macbook/.m2/repository/org/junit/platform/junit-platform-commons/1.9.1/junit-platform-commons-1.9.1.jar:/Users/macbook/.m2/repository/org/junit/jupiter/junit-jupiter-api/5.9.1/junit-jupiter-api-5.9.1.jar:/Users/macbook/.m2/repository/org/apiguardian/apiguardian-api/1.1.2/apiguardian-api-1.1.2.jar:/Users/macbook/.m2/repository/org/junit/jupiter/junit-jupiter-params/5.8.2/junit-jupiter-params-5.8.2.jar:/Users/macbook/.m2/repository/org/hsqldb/hsqldb/2.7.1/hsqldb-2.7.1.jar:/Users/macbook/.m2/repository/org/springframework/spring-jdbc/6.1.13/spring-jdbc-6.1.13.jar:/Users/macbook/.m2/repository/org/springframework/spring-beans/6.1.13/spring-beans-6.1.13.jar:/Users/macbook/.m2/repository/org/springframework/spring-core/6.1.13/spring-core-6.1.13.jar:/Users/macbook/.m2/repository/org/springframework/spring-jcl/6.1.13/spring-jcl-6.1.13.jar:/Users/macbook/.m2/repository/org/springframework/spring-tx/6.1.13/spring-tx-6.1.13.jar:"/>
    <property name="java.vm.vendor" value="Oracle Corporation"/>
    <property name="sun.arch.data.model" value="64"/>
    <property name="java.vendor.url" value="https://java.oracle.com/"/>
    <property name="os.name" value="Mac OS X"/>
    <property name="java.vm.specification.version" value="22"/>
    <property name="sun.java.launcher" value="SUN_STANDARD"/>
    <property name="user.country" value="MA"/>
    <property name="sun.boot.library.path" value="/Library/Java/JavaVirtualMachines/graalvm-jdk-22.0.2+9.1/Contents/Home/lib"/>
    <property name="sun.java.command" value="/Users/macbook/Desktop/javaPool/module06/ex00/Tests/target/surefire/surefirebooter-20241015140402594_3.jar /Users/macbook/Desktop/javaPool/module06/ex00/Tests/target/surefire 2024-10-15T14-04-00_504-jvmRun1 surefire-20241015140402594_1tmp surefire_0-20241015140402594_2tmp"/>
    <property name="http.nonProxyHosts" value="local|*.local|169.254/16|*.169.254/16"/>
    <property name="jdk.debug" value="release"/>
    <property name="surefire.test.class.path" value="/Users/macbook/Desktop/javaPool/module06/ex00/Tests/target/test-classes:/Users/macbook/Desktop/javaPool/module06/ex00/Tests/target/classes:/Users/macbook/.m2/repository/org/junit/jupiter/junit-jupiter-engine/5.9.1/junit-jupiter-engine-5.9.1.jar:/Users/macbook/.m2/repository/org/junit/platform/junit-platform-engine/1.9.1/junit-platform-engine-1.9.1.jar:/Users/macbook/.m2/repository/org/opentest4j/opentest4j/1.2.0/opentest4j-1.2.0.jar:/Users/macbook/.m2/repository/org/junit/platform/junit-platform-commons/1.9.1/junit-platform-commons-1.9.1.jar:/Users/macbook/.m2/repository/org/junit/jupiter/junit-jupiter-api/5.9.1/junit-jupiter-api-5.9.1.jar:/Users/macbook/.m2/repository/org/apiguardian/apiguardian-api/1.1.2/apiguardian-api-1.1.2.jar:/Users/macbook/.m2/repository/org/junit/jupiter/junit-jupiter-params/5.8.2/junit-jupiter-params-5.8.2.jar:/Users/macbook/.m2/repository/org/hsqldb/hsqldb/2.7.1/hsqldb-2.7.1.jar:/Users/macbook/.m2/repository/org/springframework/spring-jdbc/6.1.13/spring-jdbc-6.1.13.jar:/Users/macbook/.m2/repository/org/springframework/spring-beans/6.1.13/spring-beans-6.1.13.jar:/Users/macbook/.m2/repository/org/springframework/spring-core/6.1.13/spring-core-6.1.13.jar:/Users/macbook/.m2/repository/org/springframework/spring-jcl/6.1.13/spring-jcl-6.1.13.jar:/Users/macbook/.m2/repository/org/springframework/spring-tx/6.1.13/spring-tx-6.1.13.jar:"/>
    <property name="sun.cpu.endian" value="little"/>
    <property name="user.home" value="/Users/macbook"/>
    <property name="user.language" value="en"/>
    <property name="java.specification.vendor" value="Oracle Corporation"/>
    <property name="java.version.date" value="2024-07-16"/>
    <property name="java.home" value="/Library/Java/JavaVirtualMachines/graalvm-jdk-22.0.2+9.1/Contents/Home"/>
    <property name="file.separator" value="/"/>
    <property name="basedir" value="/Users/macbook/Desktop/javaPool/module06/ex00/Tests"/>
    <property name="java.vm.compressedOopsMode" value="Zero based"/>
    <property name="jdk.internal.vm.ci.enabled" value="true"/>
    <property name="line.separator" value="&#10;"/>
    <property name="java.vm.specification.vendor" value="Oracle Corporation"/>
    <property name="java.specification.name" value="Java Platform API Specification"/>
    <property name="apple.awt.application.name" value="ForkedBooter"/>
    <property name="surefire.real.class.path" value="/Users/macbook/Desktop/javaPool/module06/ex00/Tests/target/surefire/surefirebooter-20241015140402594_3.jar"/>
    <property name="sun.management.compiler" value="HotSpot 64-Bit Tiered Compilers"/>
    <property name="ftp.nonProxyHosts" value="local|*.local|169.254/16|*.169.254/16"/>
    <property name="java.runtime.version" value="22.0.2+9-jvmci-b01"/>
    <property name="user.name" value="macbook"/>
    <property name="stdout.encoding" value="UTF-8"/>
    <property name="path.separator" value=":"/>
    <property name="os.version" value="14.4"/>
    <property name="java.runtime.name" value="Java(TM) SE Runtime Environment"/>
    <property name="file.encoding" value="UTF-8"/>
    <property name="java.vm.name" value="Java HotSpot(TM) 64-Bit Server VM"/>
    <property name="java.vendor.version" value="Oracle GraalVM 22.0.2+9.1"/>
    <property name="localRepository" value="/Users/macbook/.m2/repository"/>
    <property name="java.vendor.url.bug" value="https://bugreport.java.com/bugreport/"/>
    <property name="java.io.tmpdir" value="/var/folders/yg/_bgcqff91b347f3pygjrj9ph0000gn/T/"/>
    <property name="java.version" value="22.0.2"/>
    <property name="user.dir" value="/Users/macbook/Desktop/javaPool/module06/ex00/Tests"/>
    <property name="os.arch" value="aarch64"/>
    <property name="java.vm.specification.name" value="Java Virtual Machine Specification"/>
    <property name="native.encoding" value="UTF-8"/>
    <property name="java.library.path" value="/Users/macbook/Library/Java/Extensions:/Library/Java/Extensions:/Network/Library/Java/Extensions:/System/Library/Java/Extensions:/usr/lib/java:."/>
    <property name="java.vm.info" value="mixed mode, sharing"/>
    <property name="stderr.encoding" value="UTF-8"/>
    <property name="java.vendor" value="Oracle Corporation"/>
    <property name="java.vm.version" value="22.0.2+9-jvmci-b01"/>
    <property name="sun.io.unicode.encoding" value="UnicodeBig"/>
    <property name="socksNonProxyHosts" value="local|*.local|169.254/16|*.169.254/16"/>
    <property name="java.class.version" value="66.0"/>
  </properties>
  <testcase name="isPrimeForNotPrimes(int)[1]" classname="fr._42.numbers.NumberWorkerTest" time="0.014">
    <system-out><![CDATA[20 value false
]]></system-out>
  </testcase>
  <testcase name="isPrimeForNotPrimes(int)[2]" classname="fr._42.numbers.NumberWorkerTest" time="0.001">
    <system-out><![CDATA[4 value false
]]></system-out>
  </testcase>
  <testcase name="isPrimeForNotPrimes(int)[3]" classname="fr._42.numbers.NumberWorkerTest" time="0.001">
    <system-out><![CDATA[130 value false
]]></system-out>
  </testcase>
  <testcase name="isPrimeForNotPrimes(int)[4]" classname="fr._42.numbers.NumberWorkerTest" time="0.001">
    <system-out><![CDATA[36 value false
]]></system-out>
  </testcase>
  <testcase name="sumDigitCheck(int, int)[1]" classname="fr._42.numbers.NumberWorkerTest" time="0.002"/>
  <testcase name="sumDigitCheck(int, int)[2]" classname="fr._42.numbers.NumberWorkerTest" time="0.001"/>
  <testcase name="sumDigitCheck(int, int)[3]" classname="fr._42.numbers.NumberWorkerTest" time="0.001"/>
  <testcase name="sumDigitCheck(int, int)[4]" classname="fr._42.numbers.NumberWorkerTest" time="0.001"/>
  <testcase name="sumDigitCheck(int, int)[5]" classname="fr._42.numbers.NumberWorkerTest" time="0.002"/>
  <testcase name="sumDigitCheck(int, int)[6]" classname="fr._42.numbers.NumberWorkerTest" time="0.001"/>
  <testcase name="sumDigitCheck(int, int)[7]" classname="fr._42.numbers.NumberWorkerTest" time="0.001"/>
  <testcase name="sumDigitCheck(int, int)[8]" classname="fr._42.numbers.NumberWorkerTest" time="0.0"/>
  <testcase name="sumDigitCheck(int, int)[9]" classname="fr._42.numbers.NumberWorkerTest" time="0.0"/>
  <testcase name="isPrimeForPrimes(int)[1]" classname="fr._42.numbers.NumberWorkerTest" time="0.001"/>
  <testcase name="isPrimeForPrimes(int)[2]" classname="fr._42.numbers.NumberWorkerTest" time="0.001"/>
  <testcase name="isPrimeForPrimes(int)[3]" classname="fr._42.numbers.NumberWorkerTest" time="0.001"/>
  <testcase name="isPrimeForPrimes(int)[4]" classname="fr._42.numbers.NumberWorkerTest" time="0.0"/>
  <testcase name="isPrimeForIncorrectNumbers(int)[1]" classname="fr._42.numbers.NumberWorkerTest" time="0.001"/>
  <testcase name="isPrimeForIncorrectNumbers(int)[2]" classname="fr._42.numbers.NumberWorkerTest" time="0.0"/>
  <testcase name="isPrimeForIncorrectNumbers(int)[3]" classname="fr._42.numbers.NumberWorkerTest" time="0.001"/>
  <testcase name="isPrimeForIncorrectNumbers(int)[4]" classname="fr._42.numbers.NumberWorkerTest" time="0.001"/>
</testsuite>